<?xml version="1.0" encoding="UTF-8"?>
<!-- Generated by org.testng.reporters.JUnitXMLReporter -->
<testsuite ignored="4" hostname="LAPTOP-95R4S3E0" failures="0" tests="3" name="Register Logout Login Flow" time="6.389" errors="0" timestamp="2026-03-10T15:51:17 IST">
  <testcase classname="tests.RegisterTest" name="RegisterDetails" time="3.183"/>
  <testcase classname="tests.LogoutTest" name="LogoutUser" time="1.58"/>
  <testcase classname="tests.LoginTest" name="LoginUser" time="1.524"/>
  <testcase classname="base.BaseTest" name="@BeforeSuite setUp" time="0.0">
    <ignored/>
  </testcase> <!-- @BeforeSuite setUp -->
  <testcase classname="base.BaseTest" name="@AfterSuite tearDown" time="0.0">
    <ignored/>
  </testcase> <!-- @AfterSuite tearDown -->
  <testcase classname="base.BaseTest" name="@BeforeSuite setUp" time="0.0">
    <ignored/>
  </testcase> <!-- @BeforeSuite setUp -->
  <testcase classname="base.BaseTest" name="@AfterSuite tearDown" time="0.0">
    <ignored/>
  </testcase> <!-- @AfterSuite tearDown -->
</testsuite> <!-- Register Logout Login Flow -->
